INFO:sim:172 - Generating IP...
Applying current project options...
Finished applying current project options.
Resolving generics for 'ram256byte'...
WARNING:sim - A core named 'ram256byte' already exists in the project. Output
   products for this core may be overwritten.
Applying external generics to 'ram256byte'...
Delivering associated files for 'ram256byte'...
Delivering EJava files for 'ram256byte'...
Generating implementation netlist for 'ram256byte'...
INFO:sim - Pre-processing HDL files for 'ram256byte'...
Running synthesis for 'ram256byte'
Running ngcbuild...
Writing VHO instantiation template for 'ram256byte'...
Writing VHDL behavioral simulation model for 'ram256byte'...
WARNING:sim - Overwriting existing file
   D:/HARDSOFTALL/Projekte/basys2/logic/eppmemory/eppmemory.srcs/sources_1/ip/bl
   k_mem_gen_v7_3_0/tmp/_cg/ram256byte/doc/blk_mem_gen_v7_3_vinfo.html with file
   from view xilinx_documentation
Delivered 1 file into directory
D:/HARDSOFTALL/Projekte/basys2/logic/eppmemory/eppmemory.srcs/sources_1/ip/blk_m
em_gen_v7_3_0/tmp/_cg/ram256byte
Generating ASY schematic symbol...
INFO:sim:949 - Finished generation of ASY schematic symbol.
Generating metadata file...
Generating ISE project file for 'ram256byte'...
Generating ISE project...
XCO file found: ram256byte.xco
XMDF file found: ram256byte_xmdf.tcl
Adding
D:/HARDSOFTALL/Projekte/basys2/logic/eppmemory/eppmemory.srcs/sources_1/ip/blk_m
em_gen_v7_3_0/tmp/_cg/ram256byte.asy -view all -origin_type imported
Adding
D:/HARDSOFTALL/Projekte/basys2/logic/eppmemory/eppmemory.srcs/sources_1/ip/blk_m
em_gen_v7_3_0/tmp/_cg/ram256byte.ngc -view all -origin_type created
Checking file
"D:/HARDSOFTALL/Projekte/basys2/logic/eppmemory/eppmemory.srcs/sources_1/ip/blk_
mem_gen_v7_3_0/tmp/_cg/ram256byte.ngc" for project device match ...
File
"D:/HARDSOFTALL/Projekte/basys2/logic/eppmemory/eppmemory.srcs/sources_1/ip/blk_
mem_gen_v7_3_0/tmp/_cg/ram256byte.ngc" device information matches project
device.
Adding
D:/HARDSOFTALL/Projekte/basys2/logic/eppmemory/eppmemory.srcs/sources_1/ip/blk_m
em_gen_v7_3_0/tmp/_cg/ram256byte.vhd -view all -origin_type created
INFO:HDLCompiler:1061 - Parsing VHDL file
   "D:/HARDSOFTALL/Projekte/basys2/logic/eppmemory/eppmemory.srcs/sources_1/ip/b
   lk_mem_gen_v7_3_0/tmp/_cg/ram256byte.vhd" into library work
INFO:ProjectMgmt - Parsing design hierarchy completed successfully.
Adding
D:/HARDSOFTALL/Projekte/basys2/logic/eppmemory/eppmemory.srcs/sources_1/ip/blk_m
em_gen_v7_3_0/tmp/_cg/ram256byte.vho -view all -origin_type imported
INFO:TclTasksC:2116 - The automatic calculation of top has been turned-off.
   Please set the new top explicitly by running the "project set top" command.
   To re-calculate the new top automatically, set the "Auto Implementation Top"
   property to true.
Top level has been set to "/ram256byte"
Generating README file...
Generating FLIST file...
INFO:sim:948 - Finished FLIST file generation.
Moving files to output directory...
Finished moving files to output directory
Wrote CGP file for project 'coregen'.
