#-----------------------------------------------------------
# PlanAhead v14.7 (64-bit)
# Build 321239 by xbuild on Fri Sep 27 19:29:51 MDT 2013
# Start of session at: Fri Oct 14 08:15:34 2016
# Process ID: 7700
# Log file: D:/HARDSOFTALL/Projekte/basys2/ledcounter_7seg/planAhead.log
# Journal file: D:/HARDSOFTALL/Projekte/basys2/ledcounter_7seg\planAhead.jou
#-----------------------------------------------------------
INFO: [Common 17-78] Attempting to get a license: PlanAhead
INFO: [Common 17-290] Got license for PlanAhead
INFO: [Device 21-36] Loading parts and site information from C:/Xilinx/14.7/ISE_DS/PlanAhead/data/parts/arch.xml
Parsing RTL primitives file [C:/Xilinx/14.7/ISE_DS/PlanAhead/data/parts/xilinx/rtl/prims/rtl_prims.xml]
Finished parsing RTL primitives file [C:/Xilinx/14.7/ISE_DS/PlanAhead/data/parts/xilinx/rtl/prims/rtl_prims.xml]
start_gui
open_project {D:\HARDSOFTALL\Projekte\basys2\ledcounter_7seg\ledcounter_7seg.ppr}
CRITICAL WARNING: [Project 1-19] Could not find the file D:/HARDSOFTALL/Projekte/basys2/ledcounter_7seg/ledcounter_7seg.srcs/sources_1/new/MultiSevSegDriver_pkg.vhd.
Scanning sources...
Finished scanning sources
Qt: Untested Windows version 6.2 detected!
open_project: Time (s): elapsed = 00:00:06 . Memory (MB): peak = 451.980 ; gain = 113.082
update_compile_order -fileset sources_1
file delete -force D:/HARDSOFTALL/Projekte/basys2/ledcounter_7seg/ledcounter_7seg.srcs/sources_1/new/MultiSevSegDriver_pkg.vhd
remove_files D:/HARDSOFTALL/Projekte/basys2/ledcounter_7seg/ledcounter_7seg.srcs/sources_1/new/MultiSevSegDriver_pkg.vhd
exit
INFO: [Common 17-206] Exiting PlanAhead at Fri Oct 14 08:16:24 2016...
INFO: [Common 17-83] Releasing license: PlanAhead
